<!DOCTYPE PATCH  SYSTEM "http://vvvv.org/versions/vvvv45beta26.dtd" >
   <PATCH nodename="C:\Users\Smakhtin\Documents\Repos\VVVV.Nodes.EmguCV\test-ImageLoad.v4p" systemname="test-ImageLoad" filename="C:\Users\Smakhtin\Documents\Repos\VVVV.Nodes.EmguCV\test-ImageLoad.v4p">
   <BOUNDS type="Window" left="7500" top="3375" width="9000" height="6000">
   </BOUNDS>
   </PATCH>